<?xml version="1.0" encoding="UTF-8"?>
<testng-results ignored="0" total="1" passed="1" failed="0" skipped="0">
  <reporter-output>
  </reporter-output>
  <suite started-at="2023-03-18T14:17:02 IST" name="Banking" finished-at="2023-03-18T14:17:13 IST" duration-ms="11553">
    <groups>
    </groups>
    <test started-at="2023-03-18T14:17:02 IST" name="OrangeHrm" finished-at="2023-03-18T14:17:13 IST" duration-ms="11553">
      <class name="com.Tests.LogInTest">
        <test-method is-config="true" signature="openBrowser(java.lang.String)[pri:0, instance:[LogInTest passed=0 failed=0 skipped=0]]" started-at="2023-03-18T14:16:59 IST" name="openBrowser" finished-at="2023-03-18T14:17:02 IST" duration-ms="2513" status="PASS">
          <params>
            <param index="0">
              <value>
                <![CDATA[chrome]]>
              </value>
            </param>
          </params>
          <reporter-output>
          </reporter-output>
        </test-method> <!-- openBrowser -->
        <test-method signature="logInTest()[pri:0, instance:[LogInTest passed=0 failed=0 skipped=0]]" started-at="2023-03-18T14:17:02 IST" name="logInTest" finished-at="2023-03-18T14:17:13 IST" duration-ms="11276" status="PASS">
          <reporter-output>
          </reporter-output>
        </test-method> <!-- logInTest -->
        <test-method is-config="true" signature="closeConnection()[pri:0, instance:[LogInTest passed=0 failed=0 skipped=0]]" started-at="2023-03-18T14:17:14 IST" name="closeConnection" finished-at="2023-03-18T14:17:15 IST" duration-ms="443" status="PASS">
          <reporter-output>
          </reporter-output>
        </test-method> <!-- closeConnection -->
      </class> <!-- com.Tests.LogInTest -->
    </test> <!-- OrangeHrm -->
  </suite> <!-- Banking -->
</testng-results>
